mode: set
github.com/sjarmak/gc-slack-channel-adapter/config.go:59.46,61.2 1 1
github.com/sjarmak/gc-slack-channel-adapter/config.go:63.41,65.2 1 1
github.com/sjarmak/gc-slack-channel-adapter/config.go:67.44,69.2 1 1
github.com/sjarmak/gc-slack-channel-adapter/config.go:72.35,72.74 1 0
github.com/sjarmak/gc-slack-channel-adapter/config.go:76.68,77.45 1 1
github.com/sjarmak/gc-slack-channel-adapter/config.go:77.45,78.32 1 1
github.com/sjarmak/gc-slack-channel-adapter/config.go:78.32,80.4 1 1
github.com/sjarmak/gc-slack-channel-adapter/config.go:81.3,81.18 1 1
github.com/sjarmak/gc-slack-channel-adapter/config.go:83.2,104.49 3 1
github.com/sjarmak/gc-slack-channel-adapter/config.go:104.49,106.3 1 1
github.com/sjarmak/gc-slack-channel-adapter/config.go:111.2,111.29 1 1
github.com/sjarmak/gc-slack-channel-adapter/config.go:111.29,113.22 2 1
github.com/sjarmak/gc-slack-channel-adapter/config.go:113.22,115.4 1 1
github.com/sjarmak/gc-slack-channel-adapter/config.go:116.3,116.54 1 1
github.com/sjarmak/gc-slack-channel-adapter/config.go:119.2,120.27 2 1
github.com/sjarmak/gc-slack-channel-adapter/config.go:120.27,122.3 1 0
github.com/sjarmak/gc-slack-channel-adapter/config.go:123.2,123.24 1 1
github.com/sjarmak/gc-slack-channel-adapter/config.go:123.24,125.3 1 0
github.com/sjarmak/gc-slack-channel-adapter/config.go:126.2,126.29 1 1
github.com/sjarmak/gc-slack-channel-adapter/config.go:126.29,128.3 1 0
github.com/sjarmak/gc-slack-channel-adapter/config.go:129.2,129.24 1 1
github.com/sjarmak/gc-slack-channel-adapter/config.go:129.24,131.3 1 1
github.com/sjarmak/gc-slack-channel-adapter/config.go:132.2,132.22 1 1
github.com/sjarmak/gc-slack-channel-adapter/config.go:132.22,134.3 1 1
github.com/sjarmak/gc-slack-channel-adapter/config.go:138.2,138.27 1 1
github.com/sjarmak/gc-slack-channel-adapter/config.go:138.27,140.3 1 1
github.com/sjarmak/gc-slack-channel-adapter/config.go:143.2,143.47 1 1
github.com/sjarmak/gc-slack-channel-adapter/config.go:143.47,145.3 1 1
github.com/sjarmak/gc-slack-channel-adapter/config.go:146.2,146.17 1 1
github.com/sjarmak/gc-slack-channel-adapter/gcclient.go:15.85,17.16 2 1
github.com/sjarmak/gc-slack-channel-adapter/gcclient.go:17.16,19.3 1 0
github.com/sjarmak/gc-slack-channel-adapter/gcclient.go:20.2,21.54 2 1
github.com/sjarmak/gc-slack-channel-adapter/gcclient.go:21.54,23.3 1 0
github.com/sjarmak/gc-slack-channel-adapter/gcclient.go:24.2,24.12 1 1
github.com/sjarmak/gc-slack-channel-adapter/gcclient.go:29.61,41.16 2 1
github.com/sjarmak/gc-slack-channel-adapter/gcclient.go:41.16,43.3 1 0
github.com/sjarmak/gc-slack-channel-adapter/gcclient.go:44.2,45.38 2 1
github.com/sjarmak/gc-slack-channel-adapter/gcclient.go:51.82,53.16 2 1
github.com/sjarmak/gc-slack-channel-adapter/gcclient.go:53.16,55.3 1 0
github.com/sjarmak/gc-slack-channel-adapter/gcclient.go:56.2,59.16 4 1
github.com/sjarmak/gc-slack-channel-adapter/gcclient.go:59.16,61.3 1 0
github.com/sjarmak/gc-slack-channel-adapter/gcclient.go:62.2,62.15 1 1
github.com/sjarmak/gc-slack-channel-adapter/gcclient.go:62.15,62.40 1 1
github.com/sjarmak/gc-slack-channel-adapter/gcclient.go:63.2,63.28 1 1
github.com/sjarmak/gc-slack-channel-adapter/gcclient.go:63.28,66.3 2 1
github.com/sjarmak/gc-slack-channel-adapter/gcclient.go:67.2,67.12 1 1
github.com/sjarmak/gc-slack-channel-adapter/httputil.go:8.60,11.2 2 1
github.com/sjarmak/gc-slack-channel-adapter/httputil.go:13.68,17.2 3 1
github.com/sjarmak/gc-slack-channel-adapter/httputil.go:19.58,23.2 3 1
github.com/sjarmak/gc-slack-channel-adapter/inbound.go:17.55,18.54 1 1
github.com/sjarmak/gc-slack-channel-adapter/inbound.go:18.54,19.34 1 1
github.com/sjarmak/gc-slack-channel-adapter/inbound.go:19.34,22.4 2 0
github.com/sjarmak/gc-slack-channel-adapter/inbound.go:23.3,24.17 2 1
github.com/sjarmak/gc-slack-channel-adapter/inbound.go:24.17,27.4 2 0
github.com/sjarmak/gc-slack-channel-adapter/inbound.go:28.3,30.64 3 1
github.com/sjarmak/gc-slack-channel-adapter/inbound.go:30.64,34.4 3 1
github.com/sjarmak/gc-slack-channel-adapter/inbound.go:36.3,37.52 2 1
github.com/sjarmak/gc-slack-channel-adapter/inbound.go:37.52,40.4 2 0
github.com/sjarmak/gc-slack-channel-adapter/inbound.go:42.3,42.60 1 1
github.com/sjarmak/gc-slack-channel-adapter/inbound.go:42.60,46.4 3 1
github.com/sjarmak/gc-slack-channel-adapter/inbound.go:49.3,50.23 2 1
github.com/sjarmak/gc-slack-channel-adapter/inbound.go:69.53,70.57 1 1
github.com/sjarmak/gc-slack-channel-adapter/inbound.go:70.57,72.3 1 0
github.com/sjarmak/gc-slack-channel-adapter/inbound.go:73.2,74.56 2 1
github.com/sjarmak/gc-slack-channel-adapter/inbound.go:74.56,77.3 2 0
github.com/sjarmak/gc-slack-channel-adapter/inbound.go:78.2,78.56 1 1
github.com/sjarmak/gc-slack-channel-adapter/inbound.go:78.56,80.3 1 1
github.com/sjarmak/gc-slack-channel-adapter/inbound.go:81.2,81.60 1 1
github.com/sjarmak/gc-slack-channel-adapter/inbound.go:81.60,83.3 1 1
github.com/sjarmak/gc-slack-channel-adapter/inbound.go:85.2,86.31 2 1
github.com/sjarmak/gc-slack-channel-adapter/inbound.go:86.31,88.3 1 1
github.com/sjarmak/gc-slack-channel-adapter/inbound.go:93.2,94.57 2 1
github.com/sjarmak/gc-slack-channel-adapter/inbound.go:94.57,95.42 1 1
github.com/sjarmak/gc-slack-channel-adapter/inbound.go:95.42,97.4 1 1
github.com/sjarmak/gc-slack-channel-adapter/inbound.go:99.2,99.64 1 1
github.com/sjarmak/gc-slack-channel-adapter/inbound.go:99.64,100.67 1 1
github.com/sjarmak/gc-slack-channel-adapter/inbound.go:100.67,102.4 1 1
github.com/sjarmak/gc-slack-channel-adapter/inbound.go:104.2,104.52 1 1
github.com/sjarmak/gc-slack-channel-adapter/inbound.go:104.52,106.3 1 1
github.com/sjarmak/gc-slack-channel-adapter/inbound.go:107.2,107.23 1 1
github.com/sjarmak/gc-slack-channel-adapter/inbound.go:107.23,109.3 1 1
github.com/sjarmak/gc-slack-channel-adapter/inbound.go:115.2,117.33 3 1
github.com/sjarmak/gc-slack-channel-adapter/inbound.go:117.33,118.36 1 1
github.com/sjarmak/gc-slack-channel-adapter/inbound.go:118.36,119.12 1 1
github.com/sjarmak/gc-slack-channel-adapter/inbound.go:121.3,122.32 2 1
github.com/sjarmak/gc-slack-channel-adapter/inbound.go:122.32,125.4 2 1
github.com/sjarmak/gc-slack-channel-adapter/inbound.go:127.2,127.11 1 1
github.com/sjarmak/gc-slack-channel-adapter/inbound.go:134.83,136.20 2 1
github.com/sjarmak/gc-slack-channel-adapter/inbound.go:136.20,138.3 1 1
github.com/sjarmak/gc-slack-channel-adapter/inbound.go:139.2,160.52 4 1
github.com/sjarmak/gc-slack-channel-adapter/inbound.go:160.52,163.3 2 0
github.com/sjarmak/gc-slack-channel-adapter/inbound.go:164.2,170.52 2 1
github.com/sjarmak/gc-slack-channel-adapter/interactions.go:17.56,18.54 1 1
github.com/sjarmak/gc-slack-channel-adapter/interactions.go:18.54,19.34 1 1
github.com/sjarmak/gc-slack-channel-adapter/interactions.go:19.34,22.4 2 0
github.com/sjarmak/gc-slack-channel-adapter/interactions.go:23.3,24.17 2 1
github.com/sjarmak/gc-slack-channel-adapter/interactions.go:24.17,27.4 2 0
github.com/sjarmak/gc-slack-channel-adapter/interactions.go:28.3,30.64 3 1
github.com/sjarmak/gc-slack-channel-adapter/interactions.go:30.64,34.4 3 1
github.com/sjarmak/gc-slack-channel-adapter/interactions.go:35.3,36.31 2 1
github.com/sjarmak/gc-slack-channel-adapter/main.go:78.13,80.16 2 0
github.com/sjarmak/gc-slack-channel-adapter/main.go:80.16,82.3 1 0
github.com/sjarmak/gc-slack-channel-adapter/main.go:83.2,84.16 2 0
github.com/sjarmak/gc-slack-channel-adapter/main.go:84.16,86.3 1 0
github.com/sjarmak/gc-slack-channel-adapter/main.go:88.2,89.29 2 0
github.com/sjarmak/gc-slack-channel-adapter/main.go:89.29,91.3 1 0
github.com/sjarmak/gc-slack-channel-adapter/main.go:92.2,123.25 20 0
github.com/sjarmak/gc-slack-channel-adapter/main.go:123.25,127.17 4 0
github.com/sjarmak/gc-slack-channel-adapter/main.go:127.17,129.4 1 0
github.com/sjarmak/gc-slack-channel-adapter/main.go:130.3,131.59 1 0
github.com/sjarmak/gc-slack-channel-adapter/main.go:134.2,135.12 2 0
github.com/sjarmak/gc-slack-channel-adapter/main.go:135.12,138.3 2 0
github.com/sjarmak/gc-slack-channel-adapter/main.go:139.2,139.12 1 0
github.com/sjarmak/gc-slack-channel-adapter/main.go:139.12,140.30 1 0
github.com/sjarmak/gc-slack-channel-adapter/main.go:140.30,143.18 3 0
github.com/sjarmak/gc-slack-channel-adapter/main.go:143.18,146.5 2 0
github.com/sjarmak/gc-slack-channel-adapter/main.go:147.4,148.10 2 0
github.com/sjarmak/gc-slack-channel-adapter/main.go:150.3,152.40 3 0
github.com/sjarmak/gc-slack-channel-adapter/main.go:155.2,157.9 3 0
github.com/sjarmak/gc-slack-channel-adapter/main.go:158.14,159.40 1 0
github.com/sjarmak/gc-slack-channel-adapter/main.go:160.22,161.44 1 0
github.com/sjarmak/gc-slack-channel-adapter/main.go:161.44,163.4 1 0
github.com/sjarmak/gc-slack-channel-adapter/main.go:165.2,168.31 4 0
github.com/sjarmak/gc-slack-channel-adapter/main.go:173.51,174.75 1 1
github.com/sjarmak/gc-slack-channel-adapter/main.go:174.75,176.3 1 0
github.com/sjarmak/gc-slack-channel-adapter/main.go:177.2,178.16 2 1
github.com/sjarmak/gc-slack-channel-adapter/main.go:178.16,180.3 1 0
github.com/sjarmak/gc-slack-channel-adapter/main.go:181.2,181.46 1 1
github.com/sjarmak/gc-slack-channel-adapter/main.go:181.46,184.3 2 0
github.com/sjarmak/gc-slack-channel-adapter/main.go:185.2,185.17 1 1
github.com/sjarmak/gc-slack-channel-adapter/outbound.go:43.83,44.21 1 1
github.com/sjarmak/gc-slack-channel-adapter/outbound.go:44.21,46.3 1 1
github.com/sjarmak/gc-slack-channel-adapter/outbound.go:47.2,48.9 2 1
github.com/sjarmak/gc-slack-channel-adapter/outbound.go:48.9,50.3 1 1
github.com/sjarmak/gc-slack-channel-adapter/outbound.go:51.2,54.20 4 1
github.com/sjarmak/gc-slack-channel-adapter/outbound.go:59.106,63.16 4 1
github.com/sjarmak/gc-slack-channel-adapter/outbound.go:63.16,66.3 2 1
github.com/sjarmak/gc-slack-channel-adapter/outbound.go:67.2,67.14 1 1
github.com/sjarmak/gc-slack-channel-adapter/outbound.go:67.14,70.3 2 1
github.com/sjarmak/gc-slack-channel-adapter/outbound.go:71.2,76.4 1 1
github.com/sjarmak/gc-slack-channel-adapter/outbound.go:82.51,83.54 1 1
github.com/sjarmak/gc-slack-channel-adapter/outbound.go:83.54,85.62 2 1
github.com/sjarmak/gc-slack-channel-adapter/outbound.go:85.62,88.4 2 1
github.com/sjarmak/gc-slack-channel-adapter/outbound.go:89.3,89.45 1 1
github.com/sjarmak/gc-slack-channel-adapter/outbound.go:89.45,92.4 2 1
github.com/sjarmak/gc-slack-channel-adapter/outbound.go:93.3,93.40 1 1
github.com/sjarmak/gc-slack-channel-adapter/outbound.go:93.40,96.4 2 1
github.com/sjarmak/gc-slack-channel-adapter/outbound.go:97.3,98.10 2 1
github.com/sjarmak/gc-slack-channel-adapter/outbound.go:99.27,102.10 2 1
github.com/sjarmak/gc-slack-channel-adapter/outbound.go:103.26,107.10 2 1
github.com/sjarmak/gc-slack-channel-adapter/outbound.go:109.3,110.66 2 1
github.com/sjarmak/gc-slack-channel-adapter/outbound.go:117.60,118.54 1 1
github.com/sjarmak/gc-slack-channel-adapter/outbound.go:118.54,120.62 2 1
github.com/sjarmak/gc-slack-channel-adapter/outbound.go:120.62,123.4 2 0
github.com/sjarmak/gc-slack-channel-adapter/outbound.go:124.3,124.45 1 1
github.com/sjarmak/gc-slack-channel-adapter/outbound.go:124.45,127.4 2 1
github.com/sjarmak/gc-slack-channel-adapter/outbound.go:128.3,128.40 1 1
github.com/sjarmak/gc-slack-channel-adapter/outbound.go:128.40,131.4 2 0
github.com/sjarmak/gc-slack-channel-adapter/outbound.go:132.3,133.69 2 1
github.com/sjarmak/gc-slack-channel-adapter/outbound.go:142.56,143.54 1 1
github.com/sjarmak/gc-slack-channel-adapter/outbound.go:143.54,145.62 2 1
github.com/sjarmak/gc-slack-channel-adapter/outbound.go:145.62,148.4 2 0
github.com/sjarmak/gc-slack-channel-adapter/outbound.go:149.3,149.45 1 1
github.com/sjarmak/gc-slack-channel-adapter/outbound.go:149.45,152.4 2 0
github.com/sjarmak/gc-slack-channel-adapter/outbound.go:153.3,153.40 1 1
github.com/sjarmak/gc-slack-channel-adapter/outbound.go:153.40,156.4 2 0
github.com/sjarmak/gc-slack-channel-adapter/outbound.go:157.3,157.45 1 1
github.com/sjarmak/gc-slack-channel-adapter/outbound.go:157.45,160.4 2 1
github.com/sjarmak/gc-slack-channel-adapter/outbound.go:162.3,163.52 2 1
github.com/sjarmak/gc-slack-channel-adapter/outbound.go:163.52,165.11 2 1
github.com/sjarmak/gc-slack-channel-adapter/outbound.go:166.27,167.27 1 0
github.com/sjarmak/gc-slack-channel-adapter/outbound.go:168.27,169.28 1 1
github.com/sjarmak/gc-slack-channel-adapter/outbound.go:171.9,175.26 2 1
github.com/sjarmak/gc-slack-channel-adapter/outbound.go:175.26,179.5 2 1
github.com/sjarmak/gc-slack-channel-adapter/outbound.go:180.4,181.26 2 1
github.com/sjarmak/gc-slack-channel-adapter/outbound.go:183.3,184.59 2 1
github.com/sjarmak/gc-slack-channel-adapter/outbound.go:192.49,193.54 1 1
github.com/sjarmak/gc-slack-channel-adapter/outbound.go:193.54,195.62 2 1
github.com/sjarmak/gc-slack-channel-adapter/outbound.go:195.62,198.4 2 0
github.com/sjarmak/gc-slack-channel-adapter/outbound.go:199.3,200.18 2 1
github.com/sjarmak/gc-slack-channel-adapter/outbound.go:200.18,203.4 2 1
github.com/sjarmak/gc-slack-channel-adapter/outbound.go:205.3,207.15 3 1
github.com/sjarmak/gc-slack-channel-adapter/outbound.go:207.15,208.55 1 1
github.com/sjarmak/gc-slack-channel-adapter/outbound.go:208.55,211.5 2 1
github.com/sjarmak/gc-slack-channel-adapter/outbound.go:212.4,212.51 1 1
github.com/sjarmak/gc-slack-channel-adapter/outbound.go:213.9,214.46 1 1
github.com/sjarmak/gc-slack-channel-adapter/outbound.go:214.46,217.5 2 1
github.com/sjarmak/gc-slack-channel-adapter/outbound.go:218.4,219.11 2 1
github.com/sjarmak/gc-slack-channel-adapter/outbound.go:219.11,223.5 2 0
github.com/sjarmak/gc-slack-channel-adapter/outbound.go:224.4,224.46 1 1
github.com/sjarmak/gc-slack-channel-adapter/outbound.go:227.3,229.17 3 1
github.com/sjarmak/gc-slack-channel-adapter/outbound.go:229.17,232.4 2 1
github.com/sjarmak/gc-slack-channel-adapter/outbound.go:233.3,233.50 1 1
github.com/sjarmak/gc-slack-channel-adapter/outbound.go:233.50,236.4 2 0
github.com/sjarmak/gc-slack-channel-adapter/outbound.go:237.3,242.5 1 1
github.com/sjarmak/gc-slack-channel-adapter/registries.go:50.55,52.2 1 1
github.com/sjarmak/gc-slack-channel-adapter/registries.go:63.48,66.23 3 1
github.com/sjarmak/gc-slack-channel-adapter/registries.go:66.23,68.25 2 1
github.com/sjarmak/gc-slack-channel-adapter/registries.go:68.25,69.12 1 1
github.com/sjarmak/gc-slack-channel-adapter/registries.go:71.3,72.23 2 1
github.com/sjarmak/gc-slack-channel-adapter/registries.go:74.2,75.12 2 1
github.com/sjarmak/gc-slack-channel-adapter/registries.go:80.98,81.42 1 1
github.com/sjarmak/gc-slack-channel-adapter/registries.go:81.42,83.3 1 1
github.com/sjarmak/gc-slack-channel-adapter/registries.go:84.2,84.40 1 1
github.com/sjarmak/gc-slack-channel-adapter/registries.go:84.40,86.3 1 1
github.com/sjarmak/gc-slack-channel-adapter/registries.go:87.2,87.23 1 1
github.com/sjarmak/gc-slack-channel-adapter/registries.go:87.23,89.3 1 1
github.com/sjarmak/gc-slack-channel-adapter/registries.go:90.2,91.23 2 1
github.com/sjarmak/gc-slack-channel-adapter/registries.go:91.23,93.3 1 1
github.com/sjarmak/gc-slack-channel-adapter/registries.go:94.2,94.28 1 1
github.com/sjarmak/gc-slack-channel-adapter/registries.go:94.28,95.34 1 1
github.com/sjarmak/gc-slack-channel-adapter/registries.go:95.34,97.4 1 1
github.com/sjarmak/gc-slack-channel-adapter/registries.go:99.2,99.21 1 1
github.com/sjarmak/gc-slack-channel-adapter/registries.go:105.77,106.40 1 1
github.com/sjarmak/gc-slack-channel-adapter/registries.go:106.40,108.3 1 1
github.com/sjarmak/gc-slack-channel-adapter/registries.go:109.2,109.38 1 1
github.com/sjarmak/gc-slack-channel-adapter/registries.go:109.38,111.3 1 1
github.com/sjarmak/gc-slack-channel-adapter/registries.go:112.2,112.56 1 1
github.com/sjarmak/gc-slack-channel-adapter/registries.go:112.56,114.3 1 1
github.com/sjarmak/gc-slack-channel-adapter/registries.go:115.2,115.12 1 1
github.com/sjarmak/gc-slack-channel-adapter/registries.go:119.44,121.2 1 1
github.com/sjarmak/gc-slack-channel-adapter/registries.go:125.63,127.13 2 1
github.com/sjarmak/gc-slack-channel-adapter/registries.go:127.13,129.3 1 1
github.com/sjarmak/gc-slack-channel-adapter/registries.go:130.2,130.30 1 1
github.com/sjarmak/gc-slack-channel-adapter/registries.go:130.30,132.3 1 1
github.com/sjarmak/gc-slack-channel-adapter/registries.go:133.2,133.60 1 1
github.com/sjarmak/gc-slack-channel-adapter/registries.go:133.60,135.3 1 1
github.com/sjarmak/gc-slack-channel-adapter/registries.go:136.2,136.15 1 1
github.com/sjarmak/gc-slack-channel-adapter/registries_http.go:30.48,31.54 1 1
github.com/sjarmak/gc-slack-channel-adapter/registries_http.go:31.54,33.62 2 1
github.com/sjarmak/gc-slack-channel-adapter/registries_http.go:33.62,36.4 2 0
github.com/sjarmak/gc-slack-channel-adapter/registries_http.go:37.3,38.17 2 1
github.com/sjarmak/gc-slack-channel-adapter/registries_http.go:38.17,41.4 2 1
github.com/sjarmak/gc-slack-channel-adapter/registries_http.go:42.3,43.74 2 1
github.com/sjarmak/gc-slack-channel-adapter/registries_http.go:48.55,49.54 1 1
github.com/sjarmak/gc-slack-channel-adapter/registries_http.go:49.54,51.62 2 1
github.com/sjarmak/gc-slack-channel-adapter/registries_http.go:51.62,54.4 2 0
github.com/sjarmak/gc-slack-channel-adapter/registries_http.go:55.3,56.17 2 1
github.com/sjarmak/gc-slack-channel-adapter/registries_http.go:56.17,59.4 2 1
github.com/sjarmak/gc-slack-channel-adapter/registries_http.go:60.3,61.75 2 1
github.com/sjarmak/gc-slack-channel-adapter/registries_http.go:66.58,67.54 1 1
github.com/sjarmak/gc-slack-channel-adapter/registries_http.go:67.54,69.62 2 1
github.com/sjarmak/gc-slack-channel-adapter/registries_http.go:69.62,72.4 2 0
github.com/sjarmak/gc-slack-channel-adapter/registries_http.go:73.3,73.45 1 1
github.com/sjarmak/gc-slack-channel-adapter/registries_http.go:73.45,76.4 2 0
github.com/sjarmak/gc-slack-channel-adapter/registries_http.go:77.3,78.17 2 1
github.com/sjarmak/gc-slack-channel-adapter/registries_http.go:78.17,81.4 2 0
github.com/sjarmak/gc-slack-channel-adapter/registries_http.go:82.3,83.78 2 1
github.com/sjarmak/gc-slack-channel-adapter/registries_http.go:88.52,89.54 1 1
github.com/sjarmak/gc-slack-channel-adapter/registries_http.go:89.54,91.62 2 1
github.com/sjarmak/gc-slack-channel-adapter/registries_http.go:91.62,94.4 2 0
github.com/sjarmak/gc-slack-channel-adapter/registries_http.go:95.3,96.17 2 1
github.com/sjarmak/gc-slack-channel-adapter/registries_http.go:96.17,99.4 2 1
github.com/sjarmak/gc-slack-channel-adapter/registries_http.go:100.3,101.72 2 1
github.com/sjarmak/gc-slack-channel-adapter/registries_http.go:106.55,107.54 1 1
github.com/sjarmak/gc-slack-channel-adapter/registries_http.go:107.54,109.62 2 1
github.com/sjarmak/gc-slack-channel-adapter/registries_http.go:109.62,112.4 2 0
github.com/sjarmak/gc-slack-channel-adapter/registries_http.go:113.3,114.17 2 1
github.com/sjarmak/gc-slack-channel-adapter/registries_http.go:114.17,117.4 2 0
github.com/sjarmak/gc-slack-channel-adapter/registries_http.go:118.3,119.78 2 1
github.com/sjarmak/gc-slack-channel-adapter/server.go:46.45,54.33 1 1
github.com/sjarmak/gc-slack-channel-adapter/server.go:54.33,54.54 1 1
github.com/sjarmak/gc-slack-channel-adapter/server.go:56.2,56.43 1 1
github.com/sjarmak/gc-slack-channel-adapter/server.go:56.43,58.3 1 0
github.com/sjarmak/gc-slack-channel-adapter/server.go:59.2,59.15 1 1
github.com/sjarmak/gc-slack-channel-adapter/server.go:62.36,62.81 1 1
github.com/sjarmak/gc-slack-channel-adapter/server.go:66.41,69.78 3 1
github.com/sjarmak/gc-slack-channel-adapter/server.go:69.78,71.3 1 0
github.com/sjarmak/gc-slack-channel-adapter/server.go:72.2,72.75 1 1
github.com/sjarmak/gc-slack-channel-adapter/server.go:72.75,74.3 1 0
github.com/sjarmak/gc-slack-channel-adapter/server.go:75.2,75.75 1 1
github.com/sjarmak/gc-slack-channel-adapter/server.go:75.75,77.3 1 0
github.com/sjarmak/gc-slack-channel-adapter/server.go:78.2,78.12 1 1
github.com/sjarmak/gc-slack-channel-adapter/server.go:86.101,88.16 2 1
github.com/sjarmak/gc-slack-channel-adapter/server.go:88.16,90.3 1 1
github.com/sjarmak/gc-slack-channel-adapter/server.go:91.2,103.37 6 1
github.com/sjarmak/gc-slack-channel-adapter/server.go:103.37,105.3 1 1
github.com/sjarmak/gc-slack-channel-adapter/server.go:106.2,107.80 2 1
github.com/sjarmak/gc-slack-channel-adapter/server.go:107.80,109.3 1 0
github.com/sjarmak/gc-slack-channel-adapter/server.go:110.2,110.17 1 1
github.com/sjarmak/gc-slack-channel-adapter/server.go:115.77,120.2 4 1
github.com/sjarmak/gc-slack-channel-adapter/server.go:125.64,129.33 4 1
github.com/sjarmak/gc-slack-channel-adapter/server.go:129.33,130.38 1 1
github.com/sjarmak/gc-slack-channel-adapter/server.go:130.38,131.24 1 1
github.com/sjarmak/gc-slack-channel-adapter/server.go:131.24,133.10 2 1
github.com/sjarmak/gc-slack-channel-adapter/server.go:137.2,138.12 2 1
github.com/sjarmak/gc-slack-channel-adapter/server.go:143.99,144.82 1 1
github.com/sjarmak/gc-slack-channel-adapter/server.go:144.82,146.3 1 1
github.com/sjarmak/gc-slack-channel-adapter/server.go:147.2,158.45 5 1
github.com/sjarmak/gc-slack-channel-adapter/server.go:158.45,160.3 1 0
github.com/sjarmak/gc-slack-channel-adapter/server.go:161.2,162.77 2 1
github.com/sjarmak/gc-slack-channel-adapter/server.go:162.77,164.3 1 0
github.com/sjarmak/gc-slack-channel-adapter/server.go:165.2,165.17 1 1
github.com/sjarmak/gc-slack-channel-adapter/server.go:170.65,173.43 3 1
github.com/sjarmak/gc-slack-channel-adapter/server.go:173.43,175.3 1 1
github.com/sjarmak/gc-slack-channel-adapter/server.go:176.2,177.77 2 1
github.com/sjarmak/gc-slack-channel-adapter/server.go:177.77,179.3 1 0
github.com/sjarmak/gc-slack-channel-adapter/server.go:180.2,180.18 1 1
github.com/sjarmak/gc-slack-channel-adapter/server.go:183.65,188.2 4 1
github.com/sjarmak/gc-slack-channel-adapter/server.go:192.83,194.16 2 1
github.com/sjarmak/gc-slack-channel-adapter/server.go:194.16,196.3 1 1
github.com/sjarmak/gc-slack-channel-adapter/server.go:197.2,201.34 5 1
github.com/sjarmak/gc-slack-channel-adapter/server.go:201.34,203.3 1 0
github.com/sjarmak/gc-slack-channel-adapter/server.go:204.2,205.77 2 1
github.com/sjarmak/gc-slack-channel-adapter/server.go:205.77,207.3 1 0
github.com/sjarmak/gc-slack-channel-adapter/server.go:208.2,208.17 1 1
github.com/sjarmak/gc-slack-channel-adapter/server.go:211.65,213.13 2 1
github.com/sjarmak/gc-slack-channel-adapter/server.go:213.13,215.3 1 0
github.com/sjarmak/gc-slack-channel-adapter/server.go:216.2,218.32 3 1
github.com/sjarmak/gc-slack-channel-adapter/server.go:218.32,220.3 1 0
github.com/sjarmak/gc-slack-channel-adapter/server.go:221.2,222.77 2 1
github.com/sjarmak/gc-slack-channel-adapter/server.go:222.77,224.3 1 0
github.com/sjarmak/gc-slack-channel-adapter/server.go:225.2,225.18 1 1
github.com/sjarmak/gc-slack-channel-adapter/server.go:228.62,233.2 4 1
github.com/sjarmak/gc-slack-channel-adapter/server.go:237.66,241.2 3 1
github.com/sjarmak/gc-slack-channel-adapter/server.go:243.69,248.2 4 1
github.com/sjarmak/gc-slack-channel-adapter/signature.go:17.76,18.43 1 1
github.com/sjarmak/gc-slack-channel-adapter/signature.go:18.43,20.3 1 1
github.com/sjarmak/gc-slack-channel-adapter/signature.go:21.2,22.16 2 1
github.com/sjarmak/gc-slack-channel-adapter/signature.go:22.16,24.3 1 1
github.com/sjarmak/gc-slack-channel-adapter/signature.go:29.2,30.13 2 1
github.com/sjarmak/gc-slack-channel-adapter/signature.go:30.13,32.3 1 1
github.com/sjarmak/gc-slack-channel-adapter/signature.go:33.2,33.29 1 1
github.com/sjarmak/gc-slack-channel-adapter/signature.go:33.29,35.3 1 1
github.com/sjarmak/gc-slack-channel-adapter/signature.go:36.2,40.50 5 1
github.com/sjarmak/gc-slack-channel-adapter/signature.go:49.46,51.2 1 1
github.com/sjarmak/gc-slack-channel-adapter/signature.go:55.69,56.21 1 1
github.com/sjarmak/gc-slack-channel-adapter/signature.go:57.34,58.16 1 1
github.com/sjarmak/gc-slack-channel-adapter/signature.go:59.12,60.14 1 1
github.com/sjarmak/gc-slack-channel-adapter/signature.go:62.2,62.24 1 1
github.com/sjarmak/gc-slack-channel-adapter/signature.go:62.24,63.23 1 1
github.com/sjarmak/gc-slack-channel-adapter/signature.go:64.17,65.17 1 1
github.com/sjarmak/gc-slack-channel-adapter/signature.go:66.12,67.15 1 1
github.com/sjarmak/gc-slack-channel-adapter/signature.go:70.2,70.13 1 1
github.com/sjarmak/gc-slack-channel-adapter/signature.go:83.60,85.14 2 1
github.com/sjarmak/gc-slack-channel-adapter/signature.go:85.14,87.3 1 1
github.com/sjarmak/gc-slack-channel-adapter/signature.go:88.2,88.38 1 1
github.com/sjarmak/gc-slack-channel-adapter/slackclient.go:18.97,20.16 2 1
github.com/sjarmak/gc-slack-channel-adapter/slackclient.go:20.16,22.3 1 0
github.com/sjarmak/gc-slack-channel-adapter/slackclient.go:23.2,26.16 4 1
github.com/sjarmak/gc-slack-channel-adapter/slackclient.go:26.16,28.3 1 0
github.com/sjarmak/gc-slack-channel-adapter/slackclient.go:29.2,32.16 4 1
github.com/sjarmak/gc-slack-channel-adapter/slackclient.go:32.16,34.3 1 1
github.com/sjarmak/gc-slack-channel-adapter/slackclient.go:35.2,35.15 1 1
github.com/sjarmak/gc-slack-channel-adapter/slackclient.go:35.15,35.40 1 1
github.com/sjarmak/gc-slack-channel-adapter/slackclient.go:36.2,37.16 2 1
github.com/sjarmak/gc-slack-channel-adapter/slackclient.go:37.16,39.3 1 0
github.com/sjarmak/gc-slack-channel-adapter/slackclient.go:40.2,40.53 1 1
github.com/sjarmak/gc-slack-channel-adapter/slackclient.go:40.53,42.3 1 0
github.com/sjarmak/gc-slack-channel-adapter/slackclient.go:43.2,44.55 2 1
github.com/sjarmak/gc-slack-channel-adapter/slackclient.go:44.55,46.3 1 0
github.com/sjarmak/gc-slack-channel-adapter/slackclient.go:47.2,47.18 1 1
github.com/sjarmak/gc-slack-channel-adapter/slackclient.go:53.107,55.2 1 1
github.com/sjarmak/gc-slack-channel-adapter/slackclient.go:60.117,66.2 1 1
github.com/sjarmak/gc-slack-channel-adapter/store.go:14.46,16.36 2 1
github.com/sjarmak/gc-slack-channel-adapter/store.go:16.36,18.3 1 1
github.com/sjarmak/gc-slack-channel-adapter/store.go:19.2,19.16 1 1
github.com/sjarmak/gc-slack-channel-adapter/store.go:19.16,21.3 1 0
github.com/sjarmak/gc-slack-channel-adapter/store.go:22.2,22.20 1 1
github.com/sjarmak/gc-slack-channel-adapter/store.go:22.20,24.3 1 1
github.com/sjarmak/gc-slack-channel-adapter/store.go:25.2,25.50 1 1
github.com/sjarmak/gc-slack-channel-adapter/store.go:25.50,27.3 1 1
github.com/sjarmak/gc-slack-channel-adapter/store.go:28.2,28.12 1 1
github.com/sjarmak/gc-slack-channel-adapter/store.go:35.47,37.48 2 1
github.com/sjarmak/gc-slack-channel-adapter/store.go:37.48,39.3 1 0
github.com/sjarmak/gc-slack-channel-adapter/store.go:40.2,41.16 2 1
github.com/sjarmak/gc-slack-channel-adapter/store.go:41.16,43.3 1 0
github.com/sjarmak/gc-slack-channel-adapter/store.go:44.2,46.16 3 1
github.com/sjarmak/gc-slack-channel-adapter/store.go:46.16,48.3 1 0
github.com/sjarmak/gc-slack-channel-adapter/store.go:49.2,50.15 2 1
github.com/sjarmak/gc-slack-channel-adapter/store.go:50.15,50.41 1 1
github.com/sjarmak/gc-slack-channel-adapter/store.go:51.2,51.43 1 1
github.com/sjarmak/gc-slack-channel-adapter/store.go:51.43,54.3 2 0
github.com/sjarmak/gc-slack-channel-adapter/store.go:55.2,55.41 1 1
github.com/sjarmak/gc-slack-channel-adapter/store.go:55.41,58.3 2 0
github.com/sjarmak/gc-slack-channel-adapter/store.go:59.2,59.36 1 1
github.com/sjarmak/gc-slack-channel-adapter/store.go:59.36,61.3 1 0
github.com/sjarmak/gc-slack-channel-adapter/store.go:62.2,62.49 1 1
github.com/sjarmak/gc-slack-channel-adapter/store.go:62.49,64.3 1 0
github.com/sjarmak/gc-slack-channel-adapter/store.go:65.2,65.12 1 1
